State 10 conflicts: 1 shift/reduce


Grammar

    0 $accept: statement $end

    1 statement: IDENTIFIER EQ_TO expression SEMICOLON

    2 expression: CONSTANT
    3           | IDENTIFIER
    4           | expression OPERATOR expression


Terminals, with rules where they appear

$end (0) 0
error (256)
IDENTIFIER (258) 1 3
CONSTANT (259) 2
EQ_TO (260) 1
OPERATOR (261) 4
SEMICOLON (262) 1


Nonterminals, with rules where they appear

$accept (8)
    on left: 0
statement (9)
    on left: 1, on right: 0
expression (10)
    on left: 2 3 4, on right: 1 4


State 0

    0 $accept: . statement $end

    IDENTIFIER  shift, and go to state 1

    statement  go to state 2


State 1

    1 statement: IDENTIFIER . EQ_TO expression SEMICOLON

    EQ_TO  shift, and go to state 3


State 2

    0 $accept: statement . $end

    $end  shift, and go to state 4


State 3

    1 statement: IDENTIFIER EQ_TO . expression SEMICOLON

    IDENTIFIER  shift, and go to state 5
    CONSTANT    shift, and go to state 6

    expression  go to state 7


State 4

    0 $accept: statement $end .

    $default  accept


State 5

    3 expression: IDENTIFIER .

    $default  reduce using rule 3 (expression)


State 6

    2 expression: CONSTANT .

    $default  reduce using rule 2 (expression)


State 7

    1 statement: IDENTIFIER EQ_TO expression . SEMICOLON
    4 expression: expression . OPERATOR expression

    OPERATOR   shift, and go to state 8
    SEMICOLON  shift, and go to state 9


State 8

    4 expression: expression OPERATOR . expression

    IDENTIFIER  shift, and go to state 5
    CONSTANT    shift, and go to state 6

    expression  go to state 10


State 9

    1 statement: IDENTIFIER EQ_TO expression SEMICOLON .

    $default  reduce using rule 1 (statement)


State 10

    4 expression: expression . OPERATOR expression
    4           | expression OPERATOR expression .

    OPERATOR  shift, and go to state 8

    OPERATOR  [reduce using rule 4 (expression)]
    $default  reduce using rule 4 (expression)
